.\bin\jobAlloc.pdb
C:\VIRTUAL WORKING SPACE\CPPDEVELOPED TOOLS\OTHERS\JOBALLOC\BIN\JOB.EXE
C:\VIRTUAL WORKING SPACE\CPPDEVELOPED TOOLS\OTHERS\JOBALLOC\BIN\JOB.ILK
C:\VIRTUAL WORKING SPACE\CPPDEVELOPED TOOLS\OTHERS\JOBALLOC\BIN\JOBALLOC.PDB
C:\VIRTUAL WORKING SPACE\CPPDEVELOPED TOOLS\OTHERS\JOBALLOC\DEBUG\APPLOG.OBJ
C:\VIRTUAL WORKING SPACE\CPPDEVELOPED TOOLS\OTHERS\JOBALLOC\DEBUG\ARRAYLIST.OBJ
C:\Virtual Working Space\CPPDeveloped Tools\Others\JobAlloc\Debug\cl.command.1.tlog
C:\Virtual Working Space\CPPDeveloped Tools\Others\JobAlloc\Debug\CL.read.1.tlog
C:\Virtual Working Space\CPPDeveloped Tools\Others\JobAlloc\Debug\CL.write.1.tlog
C:\VIRTUAL WORKING SPACE\CPPDEVELOPED TOOLS\OTHERS\JOBALLOC\DEBUG\DATACONTEXT.OBJ
C:\VIRTUAL WORKING SPACE\CPPDEVELOPED TOOLS\OTHERS\JOBALLOC\DEBUG\DICTIONARY.OBJ
C:\VIRTUAL WORKING SPACE\CPPDEVELOPED TOOLS\OTHERS\JOBALLOC\DEBUG\EMPLOYEE.OBJ
C:\VIRTUAL WORKING SPACE\CPPDEVELOPED TOOLS\OTHERS\JOBALLOC\DEBUG\EMPLOYEECONSUMER.OBJ
C:\VIRTUAL WORKING SPACE\CPPDEVELOPED TOOLS\OTHERS\JOBALLOC\DEBUG\FILE_UTIL.OBJ
C:\VIRTUAL WORKING SPACE\CPPDEVELOPED TOOLS\OTHERS\JOBALLOC\DEBUG\JOB.OBJ
C:\VIRTUAL WORKING SPACE\CPPDEVELOPED TOOLS\OTHERS\JOBALLOC\DEBUG\JOBALLOC.EXE.EMBED.MANIFEST
C:\VIRTUAL WORKING SPACE\CPPDEVELOPED TOOLS\OTHERS\JOBALLOC\DEBUG\JOBALLOC.EXE.EMBED.MANIFEST.RES
C:\VIRTUAL WORKING SPACE\CPPDEVELOPED TOOLS\OTHERS\JOBALLOC\DEBUG\JOBALLOC.EXE.INTERMEDIATE.MANIFEST
C:\VIRTUAL WORKING SPACE\CPPDEVELOPED TOOLS\OTHERS\JOBALLOC\DEBUG\JOBALLOC.OBJ
C:\VIRTUAL WORKING SPACE\CPPDEVELOPED TOOLS\OTHERS\JOBALLOC\DEBUG\JOBALLOC.RES
C:\Virtual Working Space\CPPDeveloped Tools\Others\JobAlloc\Debug\joballoc.vcxprojResolveAssemblyReference.cache
C:\Virtual Working Space\CPPDeveloped Tools\Others\JobAlloc\Debug\jobAlloc.write.1.tlog
C:\Virtual Working Space\CPPDeveloped Tools\Others\JobAlloc\Debug\jobAlloc_manifest.rc
C:\Virtual Working Space\CPPDeveloped Tools\Others\JobAlloc\Debug\link.16912.read.1.tlog
C:\Virtual Working Space\CPPDeveloped Tools\Others\JobAlloc\Debug\link.16912.write.1.tlog
C:\Virtual Working Space\CPPDeveloped Tools\Others\JobAlloc\Debug\link.16912-cvtres.read.1.tlog
C:\Virtual Working Space\CPPDeveloped Tools\Others\JobAlloc\Debug\link.16912-cvtres.write.1.tlog
C:\Virtual Working Space\CPPDeveloped Tools\Others\JobAlloc\Debug\link.17320.read.1.tlog
C:\Virtual Working Space\CPPDeveloped Tools\Others\JobAlloc\Debug\link.17320.write.1.tlog
C:\Virtual Working Space\CPPDeveloped Tools\Others\JobAlloc\Debug\link.17320-cvtres.read.1.tlog
C:\Virtual Working Space\CPPDeveloped Tools\Others\JobAlloc\Debug\link.17320-cvtres.write.1.tlog
C:\Virtual Working Space\CPPDeveloped Tools\Others\JobAlloc\Debug\link.2276.read.1.tlog
C:\Virtual Working Space\CPPDeveloped Tools\Others\JobAlloc\Debug\link.2276.write.1.tlog
C:\Virtual Working Space\CPPDeveloped Tools\Others\JobAlloc\Debug\link.2276-cvtres.read.1.tlog
C:\Virtual Working Space\CPPDeveloped Tools\Others\JobAlloc\Debug\link.2276-cvtres.write.1.tlog
C:\Virtual Working Space\CPPDeveloped Tools\Others\JobAlloc\Debug\link.7124.read.1.tlog
C:\Virtual Working Space\CPPDeveloped Tools\Others\JobAlloc\Debug\link.7124.write.1.tlog
C:\Virtual Working Space\CPPDeveloped Tools\Others\JobAlloc\Debug\link.7124-cvtres.read.1.tlog
C:\Virtual Working Space\CPPDeveloped Tools\Others\JobAlloc\Debug\link.7124-cvtres.write.1.tlog
C:\Virtual Working Space\CPPDeveloped Tools\Others\JobAlloc\Debug\link.8264.read.1.tlog
C:\Virtual Working Space\CPPDeveloped Tools\Others\JobAlloc\Debug\link.8264.write.1.tlog
C:\Virtual Working Space\CPPDeveloped Tools\Others\JobAlloc\Debug\link.8264-cvtres.read.1.tlog
C:\Virtual Working Space\CPPDeveloped Tools\Others\JobAlloc\Debug\link.8264-cvtres.write.1.tlog
C:\Virtual Working Space\CPPDeveloped Tools\Others\JobAlloc\Debug\link.9948.read.1.tlog
C:\Virtual Working Space\CPPDeveloped Tools\Others\JobAlloc\Debug\link.9948.write.1.tlog
C:\Virtual Working Space\CPPDeveloped Tools\Others\JobAlloc\Debug\link.9948-cvtres.read.1.tlog
C:\Virtual Working Space\CPPDeveloped Tools\Others\JobAlloc\Debug\link.9948-cvtres.write.1.tlog
C:\Virtual Working Space\CPPDeveloped Tools\Others\JobAlloc\Debug\link.command.1.tlog
C:\Virtual Working Space\CPPDeveloped Tools\Others\JobAlloc\Debug\link.read.1.tlog
C:\Virtual Working Space\CPPDeveloped Tools\Others\JobAlloc\Debug\link.write.1.tlog
C:\Virtual Working Space\CPPDeveloped Tools\Others\JobAlloc\Debug\link-cvtres.read.1.tlog
C:\Virtual Working Space\CPPDeveloped Tools\Others\JobAlloc\Debug\link-cvtres.write.1.tlog
C:\VIRTUAL WORKING SPACE\CPPDEVELOPED TOOLS\OTHERS\JOBALLOC\DEBUG\LINKED_LIST.OBJ
C:\Virtual Working Space\CPPDeveloped Tools\Others\JobAlloc\Debug\mt.command.1.tlog
C:\Virtual Working Space\CPPDeveloped Tools\Others\JobAlloc\Debug\mt.read.1.tlog
C:\Virtual Working Space\CPPDeveloped Tools\Others\JobAlloc\Debug\mt.write.1.tlog
C:\VIRTUAL WORKING SPACE\CPPDEVELOPED TOOLS\OTHERS\JOBALLOC\DEBUG\MUTEX.OBJ
C:\VIRTUAL WORKING SPACE\CPPDEVELOPED TOOLS\OTHERS\JOBALLOC\DEBUG\OBJECT.OBJ
C:\VIRTUAL WORKING SPACE\CPPDEVELOPED TOOLS\OTHERS\JOBALLOC\DEBUG\PATTERN_NPNC.OBJ
C:\Virtual Working Space\CPPDeveloped Tools\Others\JobAlloc\Debug\rc.command.1.tlog
C:\Virtual Working Space\CPPDeveloped Tools\Others\JobAlloc\Debug\rc.read.1.tlog
C:\Virtual Working Space\CPPDeveloped Tools\Others\JobAlloc\Debug\rc.write.1.tlog
C:\VIRTUAL WORKING SPACE\CPPDEVELOPED TOOLS\OTHERS\JOBALLOC\DEBUG\SEQUENCE.OBJ
C:\VIRTUAL WORKING SPACE\CPPDEVELOPED TOOLS\OTHERS\JOBALLOC\DEBUG\STDAFX.OBJ
C:\VIRTUAL WORKING SPACE\CPPDEVELOPED TOOLS\OTHERS\JOBALLOC\DEBUG\STRING_ARRAY.OBJ
C:\VIRTUAL WORKING SPACE\CPPDEVELOPED TOOLS\OTHERS\JOBALLOC\DEBUG\STRING_OBJ.OBJ
C:\VIRTUAL WORKING SPACE\CPPDEVELOPED TOOLS\OTHERS\JOBALLOC\DEBUG\STRING_UTIL.OBJ
C:\VIRTUAL WORKING SPACE\CPPDEVELOPED TOOLS\OTHERS\JOBALLOC\DEBUG\TASKCONSUMER.OBJ
C:\VIRTUAL WORKING SPACE\CPPDEVELOPED TOOLS\OTHERS\JOBALLOC\DEBUG\TASKHANDLER.OBJ
C:\VIRTUAL WORKING SPACE\CPPDEVELOPED TOOLS\OTHERS\JOBALLOC\DEBUG\THREAD.OBJ
C:\VIRTUAL WORKING SPACE\CPPDEVELOPED TOOLS\OTHERS\JOBALLOC\DEBUG\TIME_UTIL.OBJ
C:\Virtual Working Space\CPPDeveloped Tools\Others\JobAlloc\Debug\vc100.idb
C:\VIRTUAL WORKING SPACE\CPPDEVELOPED TOOLS\OTHERS\JOBALLOC\DEBUG\VC100.PDB
C:\VIRTUAL WORKING SPACE\CPPDEVELOPED TOOLS\OTHERS\JOBALLOC\STDAFX.PCH
