生成启动时间为 2018/5/22 22:14:26。
     1>项目“D:\datafile3600\JobAlloc\joballoc.vcxproj”在节点 2 上(build 个目标)。
     1>C:\Program Files (x86)\MSBuild\Microsoft.Cpp\v4.0\Microsoft.CppBuild.targets(299,5): warning MSB8004: Output 目录未以斜杠结尾。此生成实例将添加斜杠，因为必须有这个斜杠才能正确计算 Output 目录。
     1>InitializeBuildStatus:
         正在创建“.\Debug\jobAlloc.unsuccessfulbuild”，因为已指定“AlwaysCreate”。
       ClCompile:
         所有输出均为最新。
         所有输出均为最新。
       ResourceCompile:
         所有输出均为最新。
       ManifestResourceCompile:
         所有输出均为最新。
     1>C:\Program Files (x86)\MSBuild\Microsoft.Cpp\v4.0\Microsoft.CppBuild.targets(990,5): warning MSB8012: TargetPath(D:\datafile3600\JobAlloc\.\bin\jobAlloc.exe) 与 Linker 的 OutputFile 属性值(D:\datafile3600\JobAlloc\bin\Job.exe)不匹配。这可能导致项目生成不正确。若要更正此问题，请确保 $(OutDir)、$(TargetName) 和 $(TargetExt) 属性值与 %(Link.OutputFile) 中指定的值匹配。
     1>C:\Program Files (x86)\MSBuild\Microsoft.Cpp\v4.0\Microsoft.CppBuild.targets(992,5): warning MSB8012: TargetName(jobAlloc) 与 Linker 的 OutputFile 属性值(Job)不匹配。这可能导致项目生成不正确。若要更正此问题，请确保 $(OutDir)、$(TargetName) 和 $(TargetExt) 属性值与 %(Link.OutputFile) 中指定的值匹配。
       Link:
         所有输出均为最新。
       Manifest:
         所有输出均为最新。
       FinalizeBuildStatus:
         正在删除文件“.\Debug\jobAlloc.unsuccessfulbuild”。
         正在对“.\Debug\jobAlloc.lastbuildstate”执行 Touch 任务。
     1>已完成生成项目“D:\datafile3600\JobAlloc\joballoc.vcxproj”(build 个目标)的操作。

生成成功。

已用时间 00:00:00.41
