.\bin\jobAlloc.pdb
C:\VIRTUAL WORKING SPACE\CPPDEVELOPED TOOLS\OTHERS\JOBALLOC\RELEASE\APPLOG.OBJ
C:\VIRTUAL WORKING SPACE\CPPDEVELOPED TOOLS\OTHERS\JOBALLOC\RELEASE\ARRAYLIST.OBJ
C:\Virtual Working Space\CPPDeveloped Tools\Others\JobAlloc\Release\cl.command.1.tlog
C:\Virtual Working Space\CPPDeveloped Tools\Others\JobAlloc\Release\CL.read.1.tlog
C:\Virtual Working Space\CPPDeveloped Tools\Others\JobAlloc\Release\CL.write.1.tlog
C:\VIRTUAL WORKING SPACE\CPPDEVELOPED TOOLS\OTHERS\JOBALLOC\RELEASE\DATACONTEXT.OBJ
C:\VIRTUAL WORKING SPACE\CPPDEVELOPED TOOLS\OTHERS\JOBALLOC\RELEASE\DICTIONARY.OBJ
C:\VIRTUAL WORKING SPACE\CPPDEVELOPED TOOLS\OTHERS\JOBALLOC\RELEASE\EMPLOYEE.OBJ
C:\VIRTUAL WORKING SPACE\CPPDEVELOPED TOOLS\OTHERS\JOBALLOC\RELEASE\EMPLOYEECONSUMER.OBJ
C:\VIRTUAL WORKING SPACE\CPPDEVELOPED TOOLS\OTHERS\JOBALLOC\RELEASE\FILE_UTIL.OBJ
C:\VIRTUAL WORKING SPACE\CPPDEVELOPED TOOLS\OTHERS\JOBALLOC\RELEASE\JOB.OBJ
C:\VIRTUAL WORKING SPACE\CPPDEVELOPED TOOLS\OTHERS\JOBALLOC\RELEASE\JOBALLOC.EXE.INTERMEDIATE.MANIFEST
C:\VIRTUAL WORKING SPACE\CPPDEVELOPED TOOLS\OTHERS\JOBALLOC\RELEASE\JOBALLOC.OBJ
C:\VIRTUAL WORKING SPACE\CPPDEVELOPED TOOLS\OTHERS\JOBALLOC\RELEASE\JOBALLOC.RES
C:\Virtual Working Space\CPPDeveloped Tools\Others\JobAlloc\Release\joballoc.vcxprojResolveAssemblyReference.cache
C:\Virtual Working Space\CPPDeveloped Tools\Others\JobAlloc\Release\jobAlloc.write.1.tlog
C:\Virtual Working Space\CPPDeveloped Tools\Others\JobAlloc\Release\link.command.1.tlog
C:\Virtual Working Space\CPPDeveloped Tools\Others\JobAlloc\Release\link.read.1.tlog
C:\Virtual Working Space\CPPDeveloped Tools\Others\JobAlloc\Release\link.write.1.tlog
C:\Virtual Working Space\CPPDeveloped Tools\Others\JobAlloc\Release\link-cvtres.read.1.tlog
C:\Virtual Working Space\CPPDeveloped Tools\Others\JobAlloc\Release\link-cvtres.write.1.tlog
C:\VIRTUAL WORKING SPACE\CPPDEVELOPED TOOLS\OTHERS\JOBALLOC\RELEASE\LINKED_LIST.OBJ
C:\Virtual Working Space\CPPDeveloped Tools\Others\JobAlloc\Release\mt.command.1.tlog
C:\Virtual Working Space\CPPDeveloped Tools\Others\JobAlloc\Release\mt.read.1.tlog
C:\Virtual Working Space\CPPDeveloped Tools\Others\JobAlloc\Release\mt.write.1.tlog
C:\VIRTUAL WORKING SPACE\CPPDEVELOPED TOOLS\OTHERS\JOBALLOC\RELEASE\MUTEX.OBJ
C:\VIRTUAL WORKING SPACE\CPPDEVELOPED TOOLS\OTHERS\JOBALLOC\RELEASE\OBJECT.OBJ
C:\VIRTUAL WORKING SPACE\CPPDEVELOPED TOOLS\OTHERS\JOBALLOC\RELEASE\PATTERN_NPNC.OBJ
C:\Virtual Working Space\CPPDeveloped Tools\Others\JobAlloc\Release\rc.command.1.tlog
C:\Virtual Working Space\CPPDeveloped Tools\Others\JobAlloc\Release\rc.read.1.tlog
C:\Virtual Working Space\CPPDeveloped Tools\Others\JobAlloc\Release\rc.write.1.tlog
C:\VIRTUAL WORKING SPACE\CPPDEVELOPED TOOLS\OTHERS\JOBALLOC\RELEASE\SEQUENCE.OBJ
C:\VIRTUAL WORKING SPACE\CPPDEVELOPED TOOLS\OTHERS\JOBALLOC\RELEASE\STDAFX.OBJ
C:\VIRTUAL WORKING SPACE\CPPDEVELOPED TOOLS\OTHERS\JOBALLOC\RELEASE\STRING_ARRAY.OBJ
C:\VIRTUAL WORKING SPACE\CPPDEVELOPED TOOLS\OTHERS\JOBALLOC\RELEASE\STRING_OBJ.OBJ
C:\VIRTUAL WORKING SPACE\CPPDEVELOPED TOOLS\OTHERS\JOBALLOC\RELEASE\STRING_UTIL.OBJ
C:\VIRTUAL WORKING SPACE\CPPDEVELOPED TOOLS\OTHERS\JOBALLOC\RELEASE\TASKCONSUMER.OBJ
C:\VIRTUAL WORKING SPACE\CPPDEVELOPED TOOLS\OTHERS\JOBALLOC\RELEASE\TASKHANDLER.OBJ
C:\VIRTUAL WORKING SPACE\CPPDEVELOPED TOOLS\OTHERS\JOBALLOC\RELEASE\TEST.EXE
C:\VIRTUAL WORKING SPACE\CPPDEVELOPED TOOLS\OTHERS\JOBALLOC\RELEASE\THREAD.OBJ
C:\VIRTUAL WORKING SPACE\CPPDEVELOPED TOOLS\OTHERS\JOBALLOC\RELEASE\TIME_UTIL.OBJ
C:\Virtual Working Space\CPPDeveloped Tools\Others\JobAlloc\Release\vc100.idb
C:\VIRTUAL WORKING SPACE\CPPDEVELOPED TOOLS\OTHERS\JOBALLOC\RELEASE\VC100.PDB
C:\VIRTUAL WORKING SPACE\CPPDEVELOPED TOOLS\OTHERS\JOBALLOC\STDAFX.PCH
