生成启动时间为 2018/5/15 19:55:17。
     1>项目“C:\Virtual Working Space\CPPDeveloped Tools\Others\JobAlloc\joballoc.vcxproj”在节点 2 上(build 个目标)。
     1>C:\Program Files (x86)\MSBuild\Microsoft.Cpp\v4.0\Microsoft.CppBuild.targets(299,5): warning MSB8004: Output 目录未以斜杠结尾。此生成实例将添加斜杠，因为必须有这个斜杠才能正确计算 Output 目录。
     1>InitializeBuildStatus:
         正在创建“.\Release\jobAlloc.unsuccessfulbuild”，因为已指定“AlwaysCreate”。
       ClCompile:
         C:\Program Files (x86)\Microsoft Visual Studio 10.0\VC\bin\CL.exe /c /I"C:\Virtual Working Space\CPPDeveloped Tools\Others\JobAlloc\\common" /ZI /nologo /W3 /WX- /Od /Oy- /D pthreadVC2.lib /D WIN32 /D NDEBUG /D _WINDOWS /D _VC80_UPGRADE=0x0600 /D _MBCS /GF /Gm- /EHsc /MT /GS /Gy /fp:precise /Zc:wchar_t /Zc:forScope /Yc"stdafx.h" /Fo".\Release\\" /Fd".\Release\vc100.pdb" /Gd /TP /analyze- /errorReport:prompt StdAfx.cpp
         StdAfx.cpp
         C:\Program Files (x86)\Microsoft Visual Studio 10.0\VC\bin\CL.exe /c /I"C:\Virtual Working Space\CPPDeveloped Tools\Others\JobAlloc\\common" /ZI /nologo /W3 /WX- /Od /Oy- /D pthreadVC2.lib /D WIN32 /D NDEBUG /D _WINDOWS /D _VC80_UPGRADE=0x0600 /D _MBCS /GF /Gm- /EHsc /MT /GS /Gy /fp:precise /Zc:wchar_t /Zc:forScope /Fo".\Release\\" /Fd".\Release\vc100.pdb" /Gd /TP /analyze- /errorReport:prompt dataContext.cpp employee.cpp employeeConsumer.cpp joballoc.cpp
         dataContext.cpp
     1>c:\virtual working space\cppdeveloped tools\others\joballoc\datacontext.cpp(182): warning C4996: 'fopen': This function or variable may be unsafe. Consider using fopen_s instead. To disable deprecation, use _CRT_SECURE_NO_WARNINGS. See online help for details.
                 c:\program files (x86)\microsoft visual studio 10.0\vc\include\stdio.h(234) : 参见“fopen”的声明
     1>c:\virtual working space\cppdeveloped tools\others\joballoc\datacontext.cpp(262): warning C4996: 'fopen': This function or variable may be unsafe. Consider using fopen_s instead. To disable deprecation, use _CRT_SECURE_NO_WARNINGS. See online help for details.
                 c:\program files (x86)\microsoft visual studio 10.0\vc\include\stdio.h(234) : 参见“fopen”的声明
         employee.cpp
         employeeConsumer.cpp
     1>c:\virtual working space\cppdeveloped tools\others\joballoc\employeeconsumer.cpp(83): warning C4996: 'strcpy': This function or variable may be unsafe. Consider using strcpy_s instead. To disable deprecation, use _CRT_SECURE_NO_WARNINGS. See online help for details.
                 c:\program files (x86)\microsoft visual studio 10.0\vc\include\string.h(105) : 参见“strcpy”的声明
         joballoc.cpp
     1>c:\virtual working space\cppdeveloped tools\others\joballoc\joballoc.cpp(43): warning C4996: 'strcpy': This function or variable may be unsafe. Consider using strcpy_s instead. To disable deprecation, use _CRT_SECURE_NO_WARNINGS. See online help for details.
                 c:\program files (x86)\microsoft visual studio 10.0\vc\include\string.h(105) : 参见“strcpy”的声明
     1>c:\virtual working space\cppdeveloped tools\others\joballoc\joballoc.cpp(210): warning C4996: 'strcat': This function or variable may be unsafe. Consider using strcat_s instead. To disable deprecation, use _CRT_SECURE_NO_WARNINGS. See online help for details.
                 c:\program files (x86)\microsoft visual studio 10.0\vc\include\string.h(110) : 参见“strcat”的声明
     1>c:\virtual working space\cppdeveloped tools\others\joballoc\joballoc.cpp(211): warning C4996: 'strcat': This function or variable may be unsafe. Consider using strcat_s instead. To disable deprecation, use _CRT_SECURE_NO_WARNINGS. See online help for details.
                 c:\program files (x86)\microsoft visual studio 10.0\vc\include\string.h(110) : 参见“strcat”的声明
     1>c:\virtual working space\cppdeveloped tools\others\joballoc\joballoc.cpp(214): warning C4996: 'strcat': This function or variable may be unsafe. Consider using strcat_s instead. To disable deprecation, use _CRT_SECURE_NO_WARNINGS. See online help for details.
                 c:\program files (x86)\microsoft visual studio 10.0\vc\include\string.h(110) : 参见“strcat”的声明
     1>c:\virtual working space\cppdeveloped tools\others\joballoc\joballoc.cpp(215): warning C4996: 'strcat': This function or variable may be unsafe. Consider using strcat_s instead. To disable deprecation, use _CRT_SECURE_NO_WARNINGS. See online help for details.
                 c:\program files (x86)\microsoft visual studio 10.0\vc\include\string.h(110) : 参见“strcat”的声明
     1>c:\virtual working space\cppdeveloped tools\others\joballoc\joballoc.cpp(219): warning C4996: 'sprintf': This function or variable may be unsafe. Consider using sprintf_s instead. To disable deprecation, use _CRT_SECURE_NO_WARNINGS. See online help for details.
                 c:\program files (x86)\microsoft visual studio 10.0\vc\include\stdio.h(371) : 参见“sprintf”的声明
     1>c:\virtual working space\cppdeveloped tools\others\joballoc\joballoc.cpp(170): warning C4101: “ps”: 未引用的局部变量
         正在生成代码...
     1>c:\virtual working space\cppdeveloped tools\others\joballoc\datacontext.cpp(117): warning C4715: “CDataContext::DeleteJob”: 不是所有的控件路径都返回值
     1>c:\virtual working space\cppdeveloped tools\others\joballoc\datacontext.cpp(137): warning C4715: “CDataContext::InsertJob”: 不是所有的控件路径都返回值
     1>c:\virtual working space\cppdeveloped tools\others\joballoc\datacontext.cpp(153): warning C4715: “CDataContext::GetJob”: 不是所有的控件路径都返回值
       ResourceCompile:
         所有输出均为最新。
     1>C:\Program Files (x86)\MSBuild\Microsoft.Cpp\v4.0\Microsoft.CppBuild.targets(990,5): warning MSB8012: TargetPath(C:\Virtual Working Space\CPPDeveloped Tools\Others\JobAlloc\.\bin\jobAlloc.exe) 与 Linker 的 OutputFile 属性值(C:\Virtual Working Space\CPPDeveloped Tools\Others\JobAlloc\bin\Job.exe)不匹配。这可能导致项目生成不正确。若要更正此问题，请确保 $(OutDir)、$(TargetName) 和 $(TargetExt) 属性值与 %(Link.OutputFile) 中指定的值匹配。
     1>C:\Program Files (x86)\MSBuild\Microsoft.Cpp\v4.0\Microsoft.CppBuild.targets(992,5): warning MSB8012: TargetName(jobAlloc) 与 Linker 的 OutputFile 属性值(Job)不匹配。这可能导致项目生成不正确。若要更正此问题，请确保 $(OutDir)、$(TargetName) 和 $(TargetExt) 属性值与 %(Link.OutputFile) 中指定的值匹配。
       Link:
         C:\Program Files (x86)\Microsoft Visual Studio 10.0\VC\bin\link.exe /ERRORREPORT:PROMPT /OUT:".\bin\Job.exe" /INCREMENTAL:NO /NOLOGO /LIBPATH:"$(ProjectDir\..\lib\\" odbc32.lib odbccp32.lib pthreadVC2.lib kernel32.lib user32.lib gdi32.lib winspool.lib comdlg32.lib advapi32.lib shell32.lib ole32.lib oleaut32.lib uuid.lib odbc32.lib odbccp32.lib /MANIFEST /ManifestFile:".\Release\jobAlloc.exe.intermediate.manifest" /MANIFESTUAC:"level='asInvoker' uiAccess='false'" /PDB:"C:\Virtual Working Space\CPPDeveloped Tools\Others\JobAlloc\bin\jobAlloc.pdb" /SUBSYSTEM:WINDOWS /TLBID:1 /DYNAMICBASE /NXCOMPAT /IMPLIB:".\bin\jobAlloc.lib" /MACHINE:X86 .\Release\joballoc.res
         .\Release\applog.obj
         .\Release\arraylist.obj
         .\Release\dictionary.obj
         .\Release\file_util.obj
         .\Release\linked_list.obj
         .\Release\mutex.obj
         .\Release\object.obj
         .\Release\pattern_nPnC.obj
         .\Release\sequence.obj
         .\Release\string_array.obj
         .\Release\string_obj.obj
         .\Release\string_util.obj
         .\Release\Thread.obj
         .\Release\time_util.obj
         .\Release\dataContext.obj
         .\Release\employee.obj
         .\Release\employeeConsumer.obj
         .\Release\job.obj
         .\Release\StdAfx.obj
         .\Release\joballoc.obj
         .\Release\TaskConsumer.obj
         .\Release\TaskHandler.obj
     1>applog.obj : warning LNK4075: 忽略“/EDITANDCONTINUE”(由于“/OPT:ICF”规范)
         joballoc.vcxproj -> C:\Virtual Working Space\CPPDeveloped Tools\Others\JobAlloc\.\bin\jobAlloc.exe
       Manifest:
         C:\Program Files (x86)\Microsoft SDKs\Windows\v7.0A\bin\mt.exe /nologo /verbose /outputresource:".\bin\Job.exe;#1" /manifest .\Release\jobAlloc.exe.intermediate.manifest
       FinalizeBuildStatus:
         正在删除文件“.\Release\jobAlloc.unsuccessfulbuild”。
         正在对“.\Release\jobAlloc.lastbuildstate”执行 Touch 任务。
     1>已完成生成项目“C:\Virtual Working Space\CPPDeveloped Tools\Others\JobAlloc\joballoc.vcxproj”(build 个目标)的操作。

生成成功。

已用时间 00:00:03.72
